15:24:33  [ERROR] Tests run: 1, Failures: 0, Errors: 1, Skipped: 0, Time elapsed: 2.489 s <<< FAILURE! - in com.empower.epw.crm.gateway.web.controller.SsmControllerTest
15:24:33  [ERROR] com.empower.epw.crm.gateway.web.controller.SsmControllerTest.testSsmAndConfigStoreConnectivity  Time elapsed: 0.001 s  <<< ERROR!
15:24:33  java.lang.IllegalStateException: Failed to load ApplicationContext for [WebMergedContextConfiguration@32b1c5ce testClass = com.empower.epw.crm.gateway.web.controller.SsmControllerTest, locations = [], classes = [com.empower.epw.crm.gateway.CrmGatewayApplication], contextInitializerClasses = [], activeProfiles = ["test"], propertySourceDescriptors = [], propertySourceProperties = ["org.springframework.boot.test.context.SpringBootTestContextBootstrapper=true", "server.port=0"], contextCustomizers = [org.springframework.boot.test.context.filter.ExcludeFilterContextCustomizer@3d9cba2, org.springframework.boot.test.json.DuplicateJsonObjectContextCustomizerFactory$DuplicateJsonObjectContextCustomizer@202d1424, org.springframework.boot.test.mock.mockito.MockitoContextCustomizer@0, org.springframework.boot.test.web.client.TestRestTemplateContextCustomizer@504b4a97, org.springframework.boot.test.web.reactor.netty.DisableReactorResourceFactoryGlobalResourcesContextCustomizerFactory$DisableReactorResourceFactoryGlobalResourcesContextCustomizerCustomizer@32eb38e5, org.springframework.boot.test.autoconfigure.OnFailureConditionReportContextCustomizerFactory$OnFailureConditionReportContextCustomizer@69d2c460, org.springframework.boot.test.autoconfigure.actuate.observability.ObservabilityContextCustomizerFactory$DisableObservabilityContextCustomizer@1f, org.springframework.boot.test.autoconfigure.properties.PropertyMappingContextCustomizer@0, org.springframework.boot.test.autoconfigure.web.servlet.WebDriverContextCustomizer@22fe90df, org.springframework.test.context.support.DynamicPropertiesContextCustomizer@0, org.springframework.boot.testcontainers.service.connection.ServiceConnectionContextCustomizer@0, org.springframework.boot.test.context.SpringBootTestAnnotation@419d8448], resourceBasePath = "src/main/webapp", contextLoader = org.springframework.boot.test.context.SpringBootContextLoader, parent = null]
15:24:33  Caused by: org.springframework.context.ApplicationContextException: Failed to start bean 'io.awspring.cloud.messaging.internalEndpointRegistryBeanName'
15:24:33  Caused by: java.util.concurrent.CompletionException: 
15:24:33  io.awspring.cloud.sqs.QueueAttributesResolvingException: Error resolving attributes for queue DEVTRUNK_CRM_GATEWAY_TOP with strategy FAIL and queueAttributesNames []
15:24:33   This might be due to connectivity issues or incorrect configuration. Please verify your AWS credentials, network settings, and queue configuration.
15:24:33  Caused by: io.awspring.cloud.sqs.QueueAttributesResolvingException: 
15:24:33  Error resolving attributes for queue DEVTRUNK_CRM_GATEWAY_TOP with strategy FAIL and queueAttributesNames []
15:24:33   This might be due to connectivity issues or incorrect configuration. Please verify your AWS credentials, network settings, and queue configuration.
15:24:33  Caused by: software.amazon.awssdk.services.sqs.model.SqsException: The security token included in the request is invalid. (Service: Sqs, Status Code: 403, Request ID: 7897ada7-cdc7-5399-9a0e-ccd4305e15af)

15:24:33  Caused by: software.amazon.awssdk.services.sqs.model.SqsException: The security token included in the request is invalid. (Service: Sqs, Status Code: 403, Request ID: 7897ada7-cdc7-5399-9a0e-ccd4305e15af)

why is this other test failing?
